{"level":"error","message":"Error connecting to MongoDB: connect ECONNREFUSED ::1:27017, connect ECONNREFUSED 127.0.0.1:27017","timestamp":"2026-07-03 15:03:42"}
{"level":"error","message":"Error connecting to MongoDB: connect ECONNREFUSED ::1:27017, connect ECONNREFUSED 127.0.0.1:27017","timestamp":"2026-07-03 15:04:31"}
{"level":"error","message":"Error connecting to MongoDB: connect ECONNREFUSED ::1:27017, connect ECONNREFUSED 127.0.0.1:27017","timestamp":"2026-07-03 15:05:35"}
{"level":"warn","message":"Please ensure MongoDB is running locally or provide a valid MONGO_URI in .env","timestamp":"2026-07-03 15:05:35"}
{"level":"info","message":"Server running in development mode on port 5000","timestamp":"2026-07-03 15:05:35"}
{"level":"error","message":"Error connecting to MongoDB: connect ECONNREFUSED ::1:27017, connect ECONNREFUSED 127.0.0.1:27017","timestamp":"2026-07-03 15:05:55"}
{"level":"warn","message":"MongoDB is not running locally. Starting server in offline mode without database connection.","timestamp":"2026-07-03 15:08:08"}
{"level":"info","message":"Server running in development mode on port 5000","timestamp":"2026-07-03 15:08:08"}
{"level":"warn","message":"MongoDB is not running locally. Starting server in offline mode without database connection.","timestamp":"2026-07-03 15:16:18"}
{"level":"info","message":"Server running in development mode on port 5000","timestamp":"2026-07-03 15:16:18"}
{"level":"warn","message":"MongoDB is not running locally. Starting server in offline mode without database connection.","timestamp":"2026-07-03 15:19:46"}
{"level":"info","message":"Server running in development mode on port 5000","timestamp":"2026-07-03 15:19:46"}
{"level":"warn","message":"MongoDB is not running locally. Starting server in offline mode without database connection.","timestamp":"2026-07-03 15:21:45"}
{"level":"info","message":"Server running in development mode on port 5000","timestamp":"2026-07-03 15:21:45"}
{"level":"warn","message":"MongoDB is not running locally. Starting server in offline mode without database connection.","timestamp":"2026-07-03 15:25:38"}
{"level":"info","message":"Server running in development mode on port 5000","timestamp":"2026-07-03 15:25:38"}
{"level":"info","message":"--- OAuth Flow Started ---","timestamp":"2026-07-03 15:26:07"}
{"level":"error","message":"CRITICAL: GOOGLE_CLIENT_ID is missing or invalid.","timestamp":"2026-07-03 15:26:07"}
{"level":"warn","message":"MongoDB is not running locally. Starting server in offline mode without database connection.","timestamp":"2026-07-03 15:27:17"}
{"level":"info","message":"Server running in development mode on port 5000","timestamp":"2026-07-03 15:27:17"}
{"level":"info","message":"--- OAuth Flow Started ---","timestamp":"2026-07-03 15:27:19"}
{"level":"warn","message":"GOOGLE_CLIENT_ID is missing. Using DEV BYPASS to simulate successful login.","timestamp":"2026-07-03 15:27:19"}
{"level":"error","message":"Unhandled Rejection: Operation `users.findOne()` buffering timed out after 10000ms","timestamp":"2026-07-03 15:27:29"}
{"level":"warn","message":"MongoDB is not running locally. Starting server in offline mode without database connection.","timestamp":"2026-07-03 15:28:13"}
{"level":"info","message":"Server running in development mode on port 5000","timestamp":"2026-07-03 15:28:13"}
{"level":"info","message":"--- OAuth Flow Started ---","timestamp":"2026-07-03 15:28:27"}
{"level":"warn","message":"GOOGLE_CLIENT_ID is missing. Using DEV BYPASS to simulate successful login.","timestamp":"2026-07-03 15:28:27"}
{"level":"error","message":"Unhandled Rejection: Operation `users.findOne()` buffering timed out after 10000ms","timestamp":"2026-07-03 15:28:37"}
{"level":"warn","message":"MongoDB is not running locally. Starting server in offline mode without database connection.","timestamp":"2026-07-03 15:29:50"}
{"level":"info","message":"Server running in development mode on port 5000","timestamp":"2026-07-03 15:29:50"}
{"level":"info","message":"--- OAuth Flow Started ---","timestamp":"2026-07-03 15:30:02"}
{"level":"warn","message":"GOOGLE_CLIENT_ID is missing. Using DEV BYPASS to simulate successful login.","timestamp":"2026-07-03 15:30:02"}
{"level":"warn","message":"MongoDB is not running locally. Starting server in offline mode without database connection.","timestamp":"2026-07-03 15:30:49"}
{"level":"info","message":"Server running in development mode on port 5000","timestamp":"2026-07-03 15:30:49"}
{"level":"warn","message":"MongoDB is not running locally. Starting server in offline mode without database connection.","timestamp":"2026-07-03 15:32:56"}
{"level":"info","message":"Server running in development mode on port 5000","timestamp":"2026-07-03 15:32:56"}
{"level":"info","message":"--- OAuth Flow Started ---","timestamp":"2026-07-03 15:33:01"}
{"level":"warn","message":"GOOGLE_CLIENT_ID is missing. Using DEV BYPASS to simulate successful login.","timestamp":"2026-07-03 15:33:01"}
{"level":"error","message":"Unhandled Rejection: Operation `users.findOne()` buffering timed out after 10000ms","timestamp":"2026-07-03 15:33:11"}
{"level":"warn","message":"MongoDB is not running locally. Starting server in offline mode without database connection.","timestamp":"2026-07-03 15:38:04"}
{"level":"info","message":"Server running in development mode on port 5000","timestamp":"2026-07-03 15:38:04"}
{"level":"warn","message":"GOOGLE_CLIENT_ID is missing. Using DEV BYPASS to simulate successful login.","timestamp":"2026-07-03 15:38:04"}
{"level":"error","message":"Unhandled Rejection: Operation `users.findOne()` buffering timed out after 10000ms","timestamp":"2026-07-03 15:38:14"}
{"level":"warn","message":"MongoDB is not running locally. Starting server in offline mode without database connection.","timestamp":"2026-07-03 15:42:21"}
{"level":"info","message":"Server running in development mode on port 5000","timestamp":"2026-07-03 15:42:21"}
{"level":"warn","message":"MongoDB is not running locally. Starting server in offline mode without database connection.","timestamp":"2026-07-03 15:43:06"}
{"level":"warn","message":"MongoDB is not running locally. Starting server in offline mode without database connection.","timestamp":"2026-07-03 15:43:14"}
{"level":"warn","message":"MongoDB is not running locally. Starting server in offline mode without database connection.","timestamp":"2026-07-03 15:45:14"}
{"level":"warn","message":"MongoDB is not running locally. Starting server in offline mode without database connection.","timestamp":"2026-07-03 15:46:04"}
{"level":"info","message":"Server running in development mode on port 5000","timestamp":"2026-07-03 15:46:04"}
{"level":"info","message":"Server running in development mode on port 5000","timestamp":"2026-07-03 15:48:33"}
{"level":"warn","message":"GOOGLE_CLIENT_ID is missing. Using DEV BYPASS to simulate successful login.","timestamp":"2026-07-03 15:54:51"}
{"level":"warn","message":"GOOGLE_CLIENT_ID is missing. Using DEV BYPASS to simulate successful login.","timestamp":"2026-07-03 15:55:57"}
{"level":"error","message":"Unhandled Rejection: Operation `users.findOne()` buffering timed out after 10000ms","timestamp":"2026-07-03 15:56:07"}
{"level":"info","message":"Starting Auto Sync Job...","timestamp":"2026-07-03 16:05:00"}
{"level":"error","message":"Auto Sync Job Error: Operation `users.find()` buffering timed out after 10000ms","stack":"MongooseError: Operation `users.find()` buffering timed out after 10000ms\n    at Timeout.<anonymous> (D:\\AI Mail Reply\\AI_Mail\\Backend\\node_modules\\mongoose\\lib\\drivers\\node-mongodb-native\\collection.js:187:23)\n    at listOnTimeout (node:internal/timers:588:17)\n    at process.processTimers (node:internal/timers:523:7)","timestamp":"2026-07-03 16:05:10"}
{"level":"warn","message":"GOOGLE_CLIENT_ID is missing. Using DEV BYPASS to simulate successful login.","timestamp":"2026-07-03 16:06:17"}
{"level":"warn","message":"GOOGLE_CLIENT_ID is missing. Using DEV BYPASS to simulate successful login.","timestamp":"2026-07-03 16:06:18"}
{"level":"error","message":"Unhandled Rejection: Operation `users.findOne()` buffering timed out after 10000ms","timestamp":"2026-07-03 16:06:27"}
{"level":"error","message":"Unhandled Rejection: Operation `users.findOne()` buffering timed out after 10000ms","timestamp":"2026-07-03 16:06:28"}
{"level":"warn","message":"GOOGLE_CLIENT_ID is missing. Using DEV BYPASS to simulate successful login.","timestamp":"2026-07-03 16:08:21"}
{"level":"error","message":"Unhandled Rejection: Operation `users.findOne()` buffering timed out after 10000ms","timestamp":"2026-07-03 16:08:31"}
{"level":"warn","message":"GOOGLE_CLIENT_ID is missing. Using DEV BYPASS to simulate successful login.","timestamp":"2026-07-03 16:08:51"}
{"level":"error","message":"Unhandled Rejection: Operation `users.findOne()` buffering timed out after 10000ms","timestamp":"2026-07-03 16:09:01"}
{"level":"info","message":"Starting Auto Sync Job...","timestamp":"2026-07-03 16:10:00"}
{"level":"info","message":"Starting Auto Sync Job...","timestamp":"2026-07-03 16:20:00"}
{"level":"error","message":"Auto Sync Job Error: Cannot call `users.find()` before initial connection is complete if `bufferCommands = false`. Make sure you `await mongoose.connect()` if you have `bufferCommands = false`.","stack":"MongooseError: Cannot call `users.find()` before initial connection is complete if `bufferCommands = false`. Make sure you `await mongoose.connect()` if you have `bufferCommands = false`.\n    at NativeCollection.<computed> [as find] (D:\\AI Mail Reply\\AI_Mail\\Backend\\node_modules\\mongoose\\lib\\drivers\\node-mongodb-native\\collection.js:237:15)\n    at model.Query._find (D:\\AI Mail Reply\\AI_Mail\\Backend\\node_modules\\mongoose\\lib\\query.js:2425:48)\n    at model.Query.exec (D:\\AI Mail Reply\\AI_Mail\\Backend\\node_modules\\mongoose\\lib\\query.js:4627:80)\n    at process.processTicksAndRejections (node:internal/process/task_queues:105:5)\n    at async D:\\AI Mail Reply\\AI_Mail\\Backend\\src\\shared\\jobs\\sync.job.js:12:21\n    at async execute (D:\\AI Mail Reply\\AI_Mail\\Backend\\node_modules\\node-cron\\dist\\_shared.cjs:261:44)","timestamp":"2026-07-03 16:20:00"}
{"level":"info","message":"Starting Auto Sync Job...","timestamp":"2026-07-03 16:25:00"}
{"level":"error","message":"Auto Sync Job Error: Cannot call `users.find()` before initial connection is complete if `bufferCommands = false`. Make sure you `await mongoose.connect()` if you have `bufferCommands = false`.","stack":"MongooseError: Cannot call `users.find()` before initial connection is complete if `bufferCommands = false`. Make sure you `await mongoose.connect()` if you have `bufferCommands = false`.\n    at NativeCollection.<computed> [as find] (D:\\AI Mail Reply\\AI_Mail\\Backend\\node_modules\\mongoose\\lib\\drivers\\node-mongodb-native\\collection.js:237:15)\n    at model.Query._find (D:\\AI Mail Reply\\AI_Mail\\Backend\\node_modules\\mongoose\\lib\\query.js:2425:48)\n    at model.Query.exec (D:\\AI Mail Reply\\AI_Mail\\Backend\\node_modules\\mongoose\\lib\\query.js:4627:80)\n    at process.processTicksAndRejections (node:internal/process/task_queues:105:5)\n    at async D:\\AI Mail Reply\\AI_Mail\\Backend\\src\\shared\\jobs\\sync.job.js:12:21\n    at async execute (D:\\AI Mail Reply\\AI_Mail\\Backend\\node_modules\\node-cron\\dist\\_shared.cjs:261:44)","timestamp":"2026-07-03 16:25:00"}
{"level":"warn","message":"Using DEV BYPASS to simulate successful login without Google/MongoDB.","timestamp":"2026-07-03 16:28:20"}
{"level":"warn","message":"DB Offline during refresh, returning mock Developer User to allow UI access.","timestamp":"2026-07-03 16:28:23"}
{"level":"warn","message":"DB Offline during refresh, returning mock Developer User to allow UI access.","timestamp":"2026-07-03 16:28:23"}
{"level":"warn","message":"DB Offline during refresh, returning mock Developer User to allow UI access.","timestamp":"2026-07-03 16:29:51"}
{"level":"warn","message":"DB Offline during refresh, returning mock Developer User to allow UI access.","timestamp":"2026-07-03 16:29:51"}
{"level":"warn","message":"Using DEV BYPASS to simulate successful login without Google/MongoDB.","timestamp":"2026-07-03 16:29:53"}
{"level":"warn","message":"DB Offline during refresh, returning mock Developer User to allow UI access.","timestamp":"2026-07-03 16:29:53"}
{"level":"warn","message":"DB Offline during refresh, returning mock Developer User to allow UI access.","timestamp":"2026-07-03 16:29:54"}
{"level":"info","message":"Starting Auto Sync Job...","timestamp":"2026-07-03 16:30:00"}
{"level":"error","message":"Auto Sync Job Error: Cannot call `users.find()` before initial connection is complete if `bufferCommands = false`. Make sure you `await mongoose.connect()` if you have `bufferCommands = false`.","stack":"MongooseError: Cannot call `users.find()` before initial connection is complete if `bufferCommands = false`. Make sure you `await mongoose.connect()` if you have `bufferCommands = false`.\n    at NativeCollection.<computed> [as find] (D:\\AI Mail Reply\\AI_Mail\\Backend\\node_modules\\mongoose\\lib\\drivers\\node-mongodb-native\\collection.js:237:15)\n    at model.Query._find (D:\\AI Mail Reply\\AI_Mail\\Backend\\node_modules\\mongoose\\lib\\query.js:2425:48)\n    at model.Query.exec (D:\\AI Mail Reply\\AI_Mail\\Backend\\node_modules\\mongoose\\lib\\query.js:4627:80)\n    at process.processTicksAndRejections (node:internal/process/task_queues:105:5)\n    at async D:\\AI Mail Reply\\AI_Mail\\Backend\\src\\shared\\jobs\\sync.job.js:12:21\n    at async execute (D:\\AI Mail Reply\\AI_Mail\\Backend\\node_modules\\node-cron\\dist\\_shared.cjs:261:44)","timestamp":"2026-07-03 16:30:00"}
{"level":"info","message":"Starting Auto Sync Job...","timestamp":"2026-07-03 16:35:00"}
{"level":"error","message":"Auto Sync Job Error: Cannot call `users.find()` before initial connection is complete if `bufferCommands = false`. Make sure you `await mongoose.connect()` if you have `bufferCommands = false`.","stack":"MongooseError: Cannot call `users.find()` before initial connection is complete if `bufferCommands = false`. Make sure you `await mongoose.connect()` if you have `bufferCommands = false`.\n    at NativeCollection.<computed> [as find] (D:\\AI Mail Reply\\AI_Mail\\Backend\\node_modules\\mongoose\\lib\\drivers\\node-mongodb-native\\collection.js:237:15)\n    at model.Query._find (D:\\AI Mail Reply\\AI_Mail\\Backend\\node_modules\\mongoose\\lib\\query.js:2425:48)\n    at model.Query.exec (D:\\AI Mail Reply\\AI_Mail\\Backend\\node_modules\\mongoose\\lib\\query.js:4627:80)\n    at process.processTicksAndRejections (node:internal/process/task_queues:105:5)\n    at async D:\\AI Mail Reply\\AI_Mail\\Backend\\src\\shared\\jobs\\sync.job.js:12:21\n    at async execute (D:\\AI Mail Reply\\AI_Mail\\Backend\\node_modules\\node-cron\\dist\\_shared.cjs:261:44)","timestamp":"2026-07-03 16:35:00"}
{"level":"warn","message":"DB Offline during refresh, returning mock Developer User to allow UI access.","timestamp":"2026-07-03 16:37:02"}
{"level":"warn","message":"DB Offline during refresh, returning mock Developer User to allow UI access.","timestamp":"2026-07-03 16:37:02"}
{"level":"info","message":"[Auth Middleware] Incoming request to /api/emails/inbox?page=1&limit=20","timestamp":"2026-07-03 16:38:39"}
{"level":"info","message":"[Auth Middleware] Authorization Header: Bearer eyJhbGciOiJIUzI1NiIsInR5cCI6IkpXVCJ9.eyJpZCI6IjY0YWJjZDEyMzQ1Njc4OTBhYmNkZWYxMiIsImlhdCI6MTc4MzA3NjgyMiwiZXhwIjoxNzgzMTYzMjIyfQ.rwvNmpolO_WG6gD0Iu1jMLbyi1llFqM_XYHG-JEwLJQ","timestamp":"2026-07-03 16:38:39"}
{"level":"info","message":"[Auth Middleware] Decoded JWT Payload: {\"id\":\"64abcd1234567890abcdef12\",\"iat\":1783076822,\"exp\":1783163222}","timestamp":"2026-07-03 16:38:39"}
{"level":"info","message":"[Auth Middleware] DB Offline. Using Dev Bypass for ID: 64abcd1234567890abcdef12","timestamp":"2026-07-03 16:38:39"}
{"level":"info","message":"[Auth Middleware] Incoming request to /api/emails/inbox?page=1&limit=20","timestamp":"2026-07-03 16:39:07"}
{"level":"info","message":"[Auth Middleware] Authorization Header: Bearer eyJhbGciOiJIUzI1NiIsInR5cCI6IkpXVCJ9.eyJpZCI6IjY0YWJjZDEyMzQ1Njc4OTBhYmNkZWYxMiIsImlhdCI6MTc4MzA3NjgyMiwiZXhwIjoxNzgzMTYzMjIyfQ.rwvNmpolO_WG6gD0Iu1jMLbyi1llFqM_XYHG-JEwLJQ","timestamp":"2026-07-03 16:39:07"}
{"level":"info","message":"[Auth Middleware] Decoded JWT Payload: {\"id\":\"64abcd1234567890abcdef12\",\"iat\":1783076822,\"exp\":1783163222}","timestamp":"2026-07-03 16:39:07"}
{"level":"info","message":"[Auth Middleware] DB Offline. Using Dev Bypass for ID: 64abcd1234567890abcdef12","timestamp":"2026-07-03 16:39:07"}
{"level":"warn","message":"DB Offline during refresh, returning mock Developer User to allow UI access.","timestamp":"2026-07-03 16:39:10"}
{"level":"warn","message":"DB Offline during refresh, returning mock Developer User to allow UI access.","timestamp":"2026-07-03 16:39:11"}
{"level":"info","message":"[Auth Middleware] Incoming request to /api/auth/me","timestamp":"2026-07-03 16:39:11"}
{"level":"info","message":"[Auth Middleware] Authorization Header: Bearer eyJhbGciOiJIUzI1NiIsInR5cCI6IkpXVCJ9.eyJpZCI6IjY0YWJjZDEyMzQ1Njc4OTBhYmNkZWYxMiIsImlhdCI6MTc4MzA3Njk1MCwiZXhwIjoxNzgzMTYzMzUwfQ.L-d5v-VrGU7ONxKWtwAjwHtyZtCfiXvJuPDWx8v56x4","timestamp":"2026-07-03 16:39:11"}
{"level":"info","message":"[Auth Middleware] Decoded JWT Payload: {\"id\":\"64abcd1234567890abcdef12\",\"iat\":1783076950,\"exp\":1783163350}","timestamp":"2026-07-03 16:39:11"}
{"level":"info","message":"[Auth Middleware] DB Offline. Using Dev Bypass for ID: 64abcd1234567890abcdef12","timestamp":"2026-07-03 16:39:11"}
{"level":"info","message":"[Auth Middleware] Incoming request to /api/auth/me","timestamp":"2026-07-03 16:39:11"}
{"level":"info","message":"[Auth Middleware] Authorization Header: Bearer eyJhbGciOiJIUzI1NiIsInR5cCI6IkpXVCJ9.eyJpZCI6IjY0YWJjZDEyMzQ1Njc4OTBhYmNkZWYxMiIsImlhdCI6MTc4MzA3Njk1MSwiZXhwIjoxNzgzMTYzMzUxfQ.-_L7Is6AY5gV__fuCbPK_A058dzhUMyIV9kVwrqMWCs","timestamp":"2026-07-03 16:39:11"}
{"level":"info","message":"[Auth Middleware] Decoded JWT Payload: {\"id\":\"64abcd1234567890abcdef12\",\"iat\":1783076951,\"exp\":1783163351}","timestamp":"2026-07-03 16:39:11"}
{"level":"info","message":"[Auth Middleware] DB Offline. Using Dev Bypass for ID: 64abcd1234567890abcdef12","timestamp":"2026-07-03 16:39:11"}
{"level":"info","message":"[Auth Middleware] Incoming request to /api/emails/inbox?page=1&limit=20","timestamp":"2026-07-03 16:39:11"}
{"level":"info","message":"[Auth Middleware] Authorization Header: Bearer eyJhbGciOiJIUzI1NiIsInR5cCI6IkpXVCJ9.eyJpZCI6IjY0YWJjZDEyMzQ1Njc4OTBhYmNkZWYxMiIsImlhdCI6MTc4MzA3Njk1MSwiZXhwIjoxNzgzMTYzMzUxfQ.-_L7Is6AY5gV__fuCbPK_A058dzhUMyIV9kVwrqMWCs","timestamp":"2026-07-03 16:39:11"}
{"level":"info","message":"[Auth Middleware] Decoded JWT Payload: {\"id\":\"64abcd1234567890abcdef12\",\"iat\":1783076951,\"exp\":1783163351}","timestamp":"2026-07-03 16:39:11"}
{"level":"info","message":"[Auth Middleware] DB Offline. Using Dev Bypass for ID: 64abcd1234567890abcdef12","timestamp":"2026-07-03 16:39:11"}
{"level":"info","message":"[Auth Middleware] Incoming request to /api/emails/inbox?page=1&limit=20","timestamp":"2026-07-03 16:39:16"}
{"level":"info","message":"[Auth Middleware] Authorization Header: Bearer eyJhbGciOiJIUzI1NiIsInR5cCI6IkpXVCJ9.eyJpZCI6IjY0YWJjZDEyMzQ1Njc4OTBhYmNkZWYxMiIsImlhdCI6MTc4MzA3Njk1MSwiZXhwIjoxNzgzMTYzMzUxfQ.-_L7Is6AY5gV__fuCbPK_A058dzhUMyIV9kVwrqMWCs","timestamp":"2026-07-03 16:39:16"}
{"level":"info","message":"[Auth Middleware] Decoded JWT Payload: {\"id\":\"64abcd1234567890abcdef12\",\"iat\":1783076951,\"exp\":1783163351}","timestamp":"2026-07-03 16:39:16"}
{"level":"info","message":"[Auth Middleware] DB Offline. Using Dev Bypass for ID: 64abcd1234567890abcdef12","timestamp":"2026-07-03 16:39:16"}
{"level":"info","message":"Starting Auto Sync Job...","timestamp":"2026-07-03 16:40:00"}
{"level":"error","message":"Auto Sync Job Error: Cannot call `users.find()` before initial connection is complete if `bufferCommands = false`. Make sure you `await mongoose.connect()` if you have `bufferCommands = false`.","stack":"MongooseError: Cannot call `users.find()` before initial connection is complete if `bufferCommands = false`. Make sure you `await mongoose.connect()` if you have `bufferCommands = false`.\n    at NativeCollection.<computed> [as find] (D:\\AI Mail Reply\\AI_Mail\\Backend\\node_modules\\mongoose\\lib\\drivers\\node-mongodb-native\\collection.js:237:15)\n    at model.Query._find (D:\\AI Mail Reply\\AI_Mail\\Backend\\node_modules\\mongoose\\lib\\query.js:2425:48)\n    at model.Query.exec (D:\\AI Mail Reply\\AI_Mail\\Backend\\node_modules\\mongoose\\lib\\query.js:4627:80)\n    at process.processTicksAndRejections (node:internal/process/task_queues:105:5)\n    at async D:\\AI Mail Reply\\AI_Mail\\Backend\\src\\shared\\jobs\\sync.job.js:12:21\n    at async execute (D:\\AI Mail Reply\\AI_Mail\\Backend\\node_modules\\node-cron\\dist\\_shared.cjs:261:44)","timestamp":"2026-07-03 16:40:00"}
{"level":"error","message":"Refresh Token Error: Unauthorized","stack":"Error: Unauthorized\n    at Object.refreshSession (D:\\AI Mail Reply\\AI_Mail\\Backend\\src\\modules\\auth\\auth.service.js:70:11)\n    at process.processTicksAndRejections (node:internal/process/task_queues:105:5)\n    at async refreshToken (D:\\AI Mail Reply\\AI_Mail\\Backend\\src\\modules\\auth\\auth.controller.js:45:66)","timestamp":"2026-07-03 16:44:05"}
{"level":"error","message":"Refresh Token Error: Unauthorized","stack":"Error: Unauthorized\n    at Object.refreshSession (D:\\AI Mail Reply\\AI_Mail\\Backend\\src\\modules\\auth\\auth.service.js:70:11)\n    at process.processTicksAndRejections (node:internal/process/task_queues:105:5)\n    at async refreshToken (D:\\AI Mail Reply\\AI_Mail\\Backend\\src\\modules\\auth\\auth.controller.js:45:66)","timestamp":"2026-07-03 16:44:05"}
{"level":"info","message":"Starting Auto Sync Job...","timestamp":"2026-07-03 16:45:00"}
{"level":"error","message":"Auto Sync Job Error: Cannot call `users.find()` before initial connection is complete if `bufferCommands = false`. Make sure you `await mongoose.connect()` if you have `bufferCommands = false`.","stack":"MongooseError: Cannot call `users.find()` before initial connection is complete if `bufferCommands = false`. Make sure you `await mongoose.connect()` if you have `bufferCommands = false`.\n    at NativeCollection.<computed> [as find] (D:\\AI Mail Reply\\AI_Mail\\Backend\\node_modules\\mongoose\\lib\\drivers\\node-mongodb-native\\collection.js:237:15)\n    at model.Query._find (D:\\AI Mail Reply\\AI_Mail\\Backend\\node_modules\\mongoose\\lib\\query.js:2425:48)\n    at model.Query.exec (D:\\AI Mail Reply\\AI_Mail\\Backend\\node_modules\\mongoose\\lib\\query.js:4627:80)\n    at process.processTicksAndRejections (node:internal/process/task_queues:105:5)\n    at async D:\\AI Mail Reply\\AI_Mail\\Backend\\src\\shared\\jobs\\sync.job.js:12:21\n    at async execute (D:\\AI Mail Reply\\AI_Mail\\Backend\\node_modules\\node-cron\\dist\\_shared.cjs:261:44)","timestamp":"2026-07-03 16:45:00"}
{"level":"error","message":"Refresh Token Error: Unauthorized","stack":"Error: Unauthorized\n    at Object.refreshSession (D:\\AI Mail Reply\\AI_Mail\\Backend\\src\\modules\\auth\\auth.service.js:70:11)\n    at process.processTicksAndRejections (node:internal/process/task_queues:105:5)\n    at async refreshToken (D:\\AI Mail Reply\\AI_Mail\\Backend\\src\\modules\\auth\\auth.controller.js:45:66)","timestamp":"2026-07-03 16:45:29"}
{"level":"error","message":"Refresh Token Error: Unauthorized","stack":"Error: Unauthorized\n    at Object.refreshSession (D:\\AI Mail Reply\\AI_Mail\\Backend\\src\\modules\\auth\\auth.service.js:70:11)\n    at process.processTicksAndRejections (node:internal/process/task_queues:105:5)\n    at async refreshToken (D:\\AI Mail Reply\\AI_Mail\\Backend\\src\\modules\\auth\\auth.controller.js:45:66)","timestamp":"2026-07-03 16:45:29"}
{"level":"error","message":"Failed to start server cleanly: logger is not defined","stack":"ReferenceError: logger is not defined\n    at validateEnv (D:\\AI Mail Reply\\AI_Mail\\Backend\\src\\config\\envValidator.js:70:5)\n    at startServer (D:\\AI Mail Reply\\AI_Mail\\Backend\\src\\server.js:19:24)\n    at Object.<anonymous> (D:\\AI Mail Reply\\AI_Mail\\Backend\\src\\server.js:62:1)\n    at Module._compile (node:internal/modules/cjs/loader:1730:14)\n    at Object..js (node:internal/modules/cjs/loader:1895:10)\n    at Module.load (node:internal/modules/cjs/loader:1465:32)\n    at Function._load (node:internal/modules/cjs/loader:1282:12)\n    at TracingChannel.traceSync (node:diagnostics_channel:322:14)\n    at wrapModuleLoad (node:internal/modules/cjs/loader:235:24)\n    at Function.executeUserEntryPoint [as runMain] (node:internal/modules/run_main:171:5)","timestamp":"2026-07-03 16:49:16"}
{"level":"error","message":"Failed to start server cleanly: logger is not defined","stack":"ReferenceError: logger is not defined\n    at validateEnv (D:\\AI Mail Reply\\AI_Mail\\Backend\\src\\config\\envValidator.js:70:5)\n    at startServer (D:\\AI Mail Reply\\AI_Mail\\Backend\\src\\server.js:19:24)\n    at Object.<anonymous> (D:\\AI Mail Reply\\AI_Mail\\Backend\\src\\server.js:62:1)\n    at Module._compile (node:internal/modules/cjs/loader:1730:14)\n    at Object..js (node:internal/modules/cjs/loader:1895:10)\n    at Module.load (node:internal/modules/cjs/loader:1465:32)\n    at Function._load (node:internal/modules/cjs/loader:1282:12)\n    at TracingChannel.traceSync (node:diagnostics_channel:322:14)\n    at wrapModuleLoad (node:internal/modules/cjs/loader:235:24)\n    at Function.executeUserEntryPoint [as runMain] (node:internal/modules/run_main:171:5)","timestamp":"2026-07-03 16:49:32"}
{"level":"error","message":"Failed to start server cleanly: logger is not defined","stack":"ReferenceError: logger is not defined\n    at validateEnv (D:\\AI Mail Reply\\AI_Mail\\Backend\\src\\config\\envValidator.js:70:5)\n    at startServer (D:\\AI Mail Reply\\AI_Mail\\Backend\\src\\server.js:19:24)\n    at Object.<anonymous> (D:\\AI Mail Reply\\AI_Mail\\Backend\\src\\server.js:62:1)\n    at Module._compile (node:internal/modules/cjs/loader:1730:14)\n    at Object..js (node:internal/modules/cjs/loader:1895:10)\n    at Module.load (node:internal/modules/cjs/loader:1465:32)\n    at Function._load (node:internal/modules/cjs/loader:1282:12)\n    at TracingChannel.traceSync (node:diagnostics_channel:322:14)\n    at wrapModuleLoad (node:internal/modules/cjs/loader:235:24)\n    at Function.executeUserEntryPoint [as runMain] (node:internal/modules/run_main:171:5)","timestamp":"2026-07-03 16:49:59"}
{"level":"error","message":"Failed to start server cleanly: logger is not defined","stack":"ReferenceError: logger is not defined\n    at validateEnv (D:\\AI Mail Reply\\AI_Mail\\Backend\\src\\config\\envValidator.js:70:5)\n    at startServer (D:\\AI Mail Reply\\AI_Mail\\Backend\\src\\server.js:19:24)\n    at Object.<anonymous> (D:\\AI Mail Reply\\AI_Mail\\Backend\\src\\server.js:62:1)\n    at Module._compile (node:internal/modules/cjs/loader:1730:14)\n    at Object..js (node:internal/modules/cjs/loader:1895:10)\n    at Module.load (node:internal/modules/cjs/loader:1465:32)\n    at Function._load (node:internal/modules/cjs/loader:1282:12)\n    at TracingChannel.traceSync (node:diagnostics_channel:322:14)\n    at wrapModuleLoad (node:internal/modules/cjs/loader:235:24)\n    at Function.executeUserEntryPoint [as runMain] (node:internal/modules/run_main:171:5)","timestamp":"2026-07-03 16:51:03"}
{"level":"error","message":"Refresh Token Error: Unauthorized","stack":"Error: Unauthorized\n    at Object.refreshSession (D:\\AI Mail Reply\\AI_Mail\\Backend\\src\\modules\\auth\\auth.service.js:70:11)\n    at processTicksAndRejections (node:internal/process/task_queues:105:5)\n    at runNextTicks (node:internal/process/task_queues:69:3)\n    at listOnTimeout (node:internal/timers:549:9)\n    at process.processTimers (node:internal/timers:523:7)\n    at async refreshToken (D:\\AI Mail Reply\\AI_Mail\\Backend\\src\\modules\\auth\\auth.controller.js:46:66)","timestamp":"2026-07-03 16:53:37"}
{"level":"error","message":"Refresh Token Error: Unauthorized","stack":"Error: Unauthorized\n    at Object.refreshSession (D:\\AI Mail Reply\\AI_Mail\\Backend\\src\\modules\\auth\\auth.service.js:70:11)\n    at process.processTicksAndRejections (node:internal/process/task_queues:105:5)\n    at async refreshToken (D:\\AI Mail Reply\\AI_Mail\\Backend\\src\\modules\\auth\\auth.controller.js:46:66)","timestamp":"2026-07-03 16:53:37"}
{"level":"error","message":"Failed to start server cleanly: logger is not defined","stack":"ReferenceError: logger is not defined\n    at validateEnv (D:\\AI Mail Reply\\AI_Mail\\Backend\\src\\config\\envValidator.js:70:5)\n    at startServer (D:\\AI Mail Reply\\AI_Mail\\Backend\\src\\server.js:19:24)\n    at Object.<anonymous> (D:\\AI Mail Reply\\AI_Mail\\Backend\\src\\server.js:62:1)\n    at Module._compile (node:internal/modules/cjs/loader:1730:14)\n    at Object..js (node:internal/modules/cjs/loader:1895:10)\n    at Module.load (node:internal/modules/cjs/loader:1465:32)\n    at Function._load (node:internal/modules/cjs/loader:1282:12)\n    at TracingChannel.traceSync (node:diagnostics_channel:322:14)\n    at wrapModuleLoad (node:internal/modules/cjs/loader:235:24)\n    at Function.executeUserEntryPoint [as runMain] (node:internal/modules/run_main:171:5)","timestamp":"2026-07-03 16:53:56"}
{"level":"error","message":"Refresh Token Error: Unauthorized","stack":"Error: Unauthorized\n    at Object.refreshSession (D:\\AI Mail Reply\\AI_Mail\\Backend\\src\\modules\\auth\\auth.service.js:70:11)\n    at process.processTicksAndRejections (node:internal/process/task_queues:105:5)\n    at async refreshToken (D:\\AI Mail Reply\\AI_Mail\\Backend\\src\\modules\\auth\\auth.controller.js:46:66)","timestamp":"2026-07-03 16:54:08"}
{"level":"error","message":"Refresh Token Error: Unauthorized","stack":"Error: Unauthorized\n    at Object.refreshSession (D:\\AI Mail Reply\\AI_Mail\\Backend\\src\\modules\\auth\\auth.service.js:70:11)\n    at process.processTicksAndRejections (node:internal/process/task_queues:105:5)\n    at async refreshToken (D:\\AI Mail Reply\\AI_Mail\\Backend\\src\\modules\\auth\\auth.controller.js:46:66)","timestamp":"2026-07-03 16:54:08"}
{"level":"error","message":"Failed to start server cleanly: logger is not defined","stack":"ReferenceError: logger is not defined\n    at validateEnv (D:\\AI Mail Reply\\AI_Mail\\Backend\\src\\config\\envValidator.js:70:5)\n    at startServer (D:\\AI Mail Reply\\AI_Mail\\Backend\\src\\server.js:19:24)\n    at Object.<anonymous> (D:\\AI Mail Reply\\AI_Mail\\Backend\\src\\server.js:62:1)\n    at Module._compile (node:internal/modules/cjs/loader:1730:14)\n    at Object..js (node:internal/modules/cjs/loader:1895:10)\n    at Module.load (node:internal/modules/cjs/loader:1465:32)\n    at Function._load (node:internal/modules/cjs/loader:1282:12)\n    at TracingChannel.traceSync (node:diagnostics_channel:322:14)\n    at wrapModuleLoad (node:internal/modules/cjs/loader:235:24)\n    at Function.executeUserEntryPoint [as runMain] (node:internal/modules/run_main:171:5)","timestamp":"2026-07-03 16:54:29"}
{"level":"error","message":"Refresh Token Error: Unauthorized","stack":"Error: Unauthorized\n    at Object.refreshSession (D:\\AI Mail Reply\\AI_Mail\\Backend\\src\\modules\\auth\\auth.service.js:70:11)\n    at process.processTicksAndRejections (node:internal/process/task_queues:105:5)\n    at async refreshToken (D:\\AI Mail Reply\\AI_Mail\\Backend\\src\\modules\\auth\\auth.controller.js:46:66)","timestamp":"2026-07-03 16:58:27"}
{"level":"error","message":"Refresh Token Error: Unauthorized","stack":"Error: Unauthorized\n    at Object.refreshSession (D:\\AI Mail Reply\\AI_Mail\\Backend\\src\\modules\\auth\\auth.service.js:70:11)\n    at process.processTicksAndRejections (node:internal/process/task_queues:105:5)\n    at async refreshToken (D:\\AI Mail Reply\\AI_Mail\\Backend\\src\\modules\\auth\\auth.controller.js:46:66)","timestamp":"2026-07-03 16:58:27"}
{"level":"info","message":"Starting Auto Sync Job...","timestamp":"2026-07-03 17:00:00"}
{"level":"error","message":"Auto Sync Job Error: Cannot call `users.find()` before initial connection is complete if `bufferCommands = false`. Make sure you `await mongoose.connect()` if you have `bufferCommands = false`.","stack":"MongooseError: Cannot call `users.find()` before initial connection is complete if `bufferCommands = false`. Make sure you `await mongoose.connect()` if you have `bufferCommands = false`.\n    at NativeCollection.<computed> [as find] (D:\\AI Mail Reply\\AI_Mail\\Backend\\node_modules\\mongoose\\lib\\drivers\\node-mongodb-native\\collection.js:237:15)\n    at model.Query._find (D:\\AI Mail Reply\\AI_Mail\\Backend\\node_modules\\mongoose\\lib\\query.js:2425:48)\n    at model.Query.exec (D:\\AI Mail Reply\\AI_Mail\\Backend\\node_modules\\mongoose\\lib\\query.js:4627:80)\n    at process.processTicksAndRejections (node:internal/process/task_queues:105:5)\n    at async D:\\AI Mail Reply\\AI_Mail\\Backend\\src\\shared\\jobs\\sync.job.js:12:21\n    at async execute (D:\\AI Mail Reply\\AI_Mail\\Backend\\node_modules\\node-cron\\dist\\_shared.cjs:261:44)","timestamp":"2026-07-03 17:00:00"}
{"level":"error","message":"Refresh Token Error: Unauthorized","stack":"Error: Unauthorized\n    at Object.refreshSession (D:\\AI Mail Reply\\AI_Mail\\Backend\\src\\modules\\auth\\auth.service.js:70:11)\n    at process.processTicksAndRejections (node:internal/process/task_queues:105:5)\n    at async refreshToken (D:\\AI Mail Reply\\AI_Mail\\Backend\\src\\modules\\auth\\auth.controller.js:46:66)","timestamp":"2026-07-03 17:04:24"}
{"level":"error","message":"Refresh Token Error: Unauthorized","stack":"Error: Unauthorized\n    at Object.refreshSession (D:\\AI Mail Reply\\AI_Mail\\Backend\\src\\modules\\auth\\auth.service.js:70:11)\n    at process.processTicksAndRejections (node:internal/process/task_queues:105:5)\n    at async refreshToken (D:\\AI Mail Reply\\AI_Mail\\Backend\\src\\modules\\auth\\auth.controller.js:46:66)","timestamp":"2026-07-03 17:04:24"}
{"level":"info","message":"Starting Auto Sync Job...","timestamp":"2026-07-03 17:05:00"}
{"level":"error","message":"Auto Sync Job Error: Cannot call `users.find()` before initial connection is complete if `bufferCommands = false`. Make sure you `await mongoose.connect()` if you have `bufferCommands = false`.","stack":"MongooseError: Cannot call `users.find()` before initial connection is complete if `bufferCommands = false`. Make sure you `await mongoose.connect()` if you have `bufferCommands = false`.\n    at NativeCollection.<computed> [as find] (D:\\AI Mail Reply\\AI_Mail\\Backend\\node_modules\\mongoose\\lib\\drivers\\node-mongodb-native\\collection.js:237:15)\n    at model.Query._find (D:\\AI Mail Reply\\AI_Mail\\Backend\\node_modules\\mongoose\\lib\\query.js:2425:48)\n    at model.Query.exec (D:\\AI Mail Reply\\AI_Mail\\Backend\\node_modules\\mongoose\\lib\\query.js:4627:80)\n    at process.processTicksAndRejections (node:internal/process/task_queues:105:5)\n    at async D:\\AI Mail Reply\\AI_Mail\\Backend\\src\\shared\\jobs\\sync.job.js:12:21\n    at async execute (D:\\AI Mail Reply\\AI_Mail\\Backend\\node_modules\\node-cron\\dist\\_shared.cjs:261:44)","timestamp":"2026-07-03 17:05:00"}
{"level":"error","message":"Refresh Token Error: Unauthorized","stack":"Error: Unauthorized\n    at Object.refreshSession (D:\\AI Mail Reply\\AI_Mail\\Backend\\src\\modules\\auth\\auth.service.js:70:11)\n    at process.processTicksAndRejections (node:internal/process/task_queues:105:5)\n    at async refreshToken (D:\\AI Mail Reply\\AI_Mail\\Backend\\src\\modules\\auth\\auth.controller.js:46:66)","timestamp":"2026-07-03 17:05:32"}
{"level":"error","message":"Refresh Token Error: Unauthorized","stack":"Error: Unauthorized\n    at Object.refreshSession (D:\\AI Mail Reply\\AI_Mail\\Backend\\src\\modules\\auth\\auth.service.js:70:11)\n    at process.processTicksAndRejections (node:internal/process/task_queues:105:5)\n    at async refreshToken (D:\\AI Mail Reply\\AI_Mail\\Backend\\src\\modules\\auth\\auth.controller.js:46:66)","timestamp":"2026-07-03 17:05:32"}
{"level":"error","message":"Refresh Token Error: Unauthorized","stack":"Error: Unauthorized\n    at Object.refreshSession (D:\\AI Mail Reply\\AI_Mail\\Backend\\src\\modules\\auth\\auth.service.js:70:11)\n    at process.processTicksAndRejections (node:internal/process/task_queues:105:5)\n    at async refreshToken (D:\\AI Mail Reply\\AI_Mail\\Backend\\src\\modules\\auth\\auth.controller.js:46:66)","timestamp":"2026-07-03 17:06:26"}
{"level":"error","message":"Refresh Token Error: Unauthorized","stack":"Error: Unauthorized\n    at Object.refreshSession (D:\\AI Mail Reply\\AI_Mail\\Backend\\src\\modules\\auth\\auth.service.js:70:11)\n    at process.processTicksAndRejections (node:internal/process/task_queues:105:5)\n    at async refreshToken (D:\\AI Mail Reply\\AI_Mail\\Backend\\src\\modules\\auth\\auth.controller.js:46:66)","timestamp":"2026-07-03 17:06:26"}
{"level":"error","message":"Refresh Token Error: Unauthorized","stack":"Error: Unauthorized\n    at Object.refreshSession (D:\\AI Mail Reply\\AI_Mail\\Backend\\src\\modules\\auth\\auth.service.js:70:11)\n    at process.processTicksAndRejections (node:internal/process/task_queues:105:5)\n    at async refreshToken (D:\\AI Mail Reply\\AI_Mail\\Backend\\src\\modules\\auth\\auth.controller.js:46:66)","timestamp":"2026-07-03 17:09:40"}
{"level":"error","message":"Refresh Token Error: Unauthorized","stack":"Error: Unauthorized\n    at Object.refreshSession (D:\\AI Mail Reply\\AI_Mail\\Backend\\src\\modules\\auth\\auth.service.js:70:11)\n    at process.processTicksAndRejections (node:internal/process/task_queues:105:5)\n    at async refreshToken (D:\\AI Mail Reply\\AI_Mail\\Backend\\src\\modules\\auth\\auth.controller.js:46:66)","timestamp":"2026-07-03 17:09:40"}
{"level":"error","message":"Refresh Token Error: Unauthorized","stack":"Error: Unauthorized\n    at Object.refreshSession (D:\\AI Mail Reply\\AI_Mail\\Backend\\src\\modules\\auth\\auth.service.js:70:11)\n    at process.processTicksAndRejections (node:internal/process/task_queues:105:5)\n    at async refreshToken (D:\\AI Mail Reply\\AI_Mail\\Backend\\src\\modules\\auth\\auth.controller.js:46:66)","timestamp":"2026-07-03 17:09:44"}
{"level":"error","message":"Refresh Token Error: Unauthorized","stack":"Error: Unauthorized\n    at Object.refreshSession (D:\\AI Mail Reply\\AI_Mail\\Backend\\src\\modules\\auth\\auth.service.js:70:11)\n    at process.processTicksAndRejections (node:internal/process/task_queues:105:5)\n    at async refreshToken (D:\\AI Mail Reply\\AI_Mail\\Backend\\src\\modules\\auth\\auth.controller.js:46:66)","timestamp":"2026-07-03 17:09:44"}
{"level":"error","message":"Refresh Token Error: Unauthorized","stack":"Error: Unauthorized\n    at Object.refreshSession (D:\\AI Mail Reply\\AI_Mail\\Backend\\src\\modules\\auth\\auth.service.js:70:11)\n    at process.processTicksAndRejections (node:internal/process/task_queues:105:5)\n    at async refreshToken (D:\\AI Mail Reply\\AI_Mail\\Backend\\src\\modules\\auth\\auth.controller.js:46:66)","timestamp":"2026-07-03 17:09:46"}
{"level":"error","message":"Refresh Token Error: Unauthorized","stack":"Error: Unauthorized\n    at Object.refreshSession (D:\\AI Mail Reply\\AI_Mail\\Backend\\src\\modules\\auth\\auth.service.js:70:11)\n    at process.processTicksAndRejections (node:internal/process/task_queues:105:5)\n    at async refreshToken (D:\\AI Mail Reply\\AI_Mail\\Backend\\src\\modules\\auth\\auth.controller.js:46:66)","timestamp":"2026-07-03 17:09:46"}
{"level":"error","message":"Refresh Token Error: Unauthorized","stack":"Error: Unauthorized\n    at Object.refreshSession (D:\\AI Mail Reply\\AI_Mail\\Backend\\src\\modules\\auth\\auth.service.js:70:11)\n    at process.processTicksAndRejections (node:internal/process/task_queues:105:5)\n    at async refreshToken (D:\\AI Mail Reply\\AI_Mail\\Backend\\src\\modules\\auth\\auth.controller.js:46:66)","timestamp":"2026-07-03 17:09:48"}
{"level":"error","message":"Refresh Token Error: Unauthorized","stack":"Error: Unauthorized\n    at Object.refreshSession (D:\\AI Mail Reply\\AI_Mail\\Backend\\src\\modules\\auth\\auth.service.js:70:11)\n    at process.processTicksAndRejections (node:internal/process/task_queues:105:5)\n    at async refreshToken (D:\\AI Mail Reply\\AI_Mail\\Backend\\src\\modules\\auth\\auth.controller.js:46:66)","timestamp":"2026-07-03 17:09:48"}
{"level":"error","message":"Refresh Token Error: Unauthorized","stack":"Error: Unauthorized\n    at Object.refreshSession (D:\\AI Mail Reply\\AI_Mail\\Backend\\src\\modules\\auth\\auth.service.js:70:11)\n    at process.processTicksAndRejections (node:internal/process/task_queues:105:5)\n    at async refreshToken (D:\\AI Mail Reply\\AI_Mail\\Backend\\src\\modules\\auth\\auth.controller.js:46:66)","timestamp":"2026-07-03 17:09:50"}
{"level":"error","message":"Refresh Token Error: Unauthorized","stack":"Error: Unauthorized\n    at Object.refreshSession (D:\\AI Mail Reply\\AI_Mail\\Backend\\src\\modules\\auth\\auth.service.js:70:11)\n    at process.processTicksAndRejections (node:internal/process/task_queues:105:5)\n    at async refreshToken (D:\\AI Mail Reply\\AI_Mail\\Backend\\src\\modules\\auth\\auth.controller.js:46:66)","timestamp":"2026-07-03 17:09:50"}
{"level":"error","message":"Refresh Token Error: Unauthorized","stack":"Error: Unauthorized\n    at Object.refreshSession (D:\\AI Mail Reply\\AI_Mail\\Backend\\src\\modules\\auth\\auth.service.js:70:11)\n    at process.processTicksAndRejections (node:internal/process/task_queues:105:5)\n    at async refreshToken (D:\\AI Mail Reply\\AI_Mail\\Backend\\src\\modules\\auth\\auth.controller.js:46:66)","timestamp":"2026-07-03 17:09:54"}
{"level":"error","message":"Refresh Token Error: Unauthorized","stack":"Error: Unauthorized\n    at Object.refreshSession (D:\\AI Mail Reply\\AI_Mail\\Backend\\src\\modules\\auth\\auth.service.js:70:11)\n    at process.processTicksAndRejections (node:internal/process/task_queues:105:5)\n    at async refreshToken (D:\\AI Mail Reply\\AI_Mail\\Backend\\src\\modules\\auth\\auth.controller.js:46:66)","timestamp":"2026-07-03 17:09:54"}
{"level":"error","message":"Refresh Token Error: Unauthorized","stack":"Error: Unauthorized\n    at Object.refreshSession (D:\\AI Mail Reply\\AI_Mail\\Backend\\src\\modules\\auth\\auth.service.js:70:11)\n    at process.processTicksAndRejections (node:internal/process/task_queues:105:5)\n    at async refreshToken (D:\\AI Mail Reply\\AI_Mail\\Backend\\src\\modules\\auth\\auth.controller.js:46:66)","timestamp":"2026-07-03 17:09:58"}
{"level":"error","message":"Refresh Token Error: Unauthorized","stack":"Error: Unauthorized\n    at Object.refreshSession (D:\\AI Mail Reply\\AI_Mail\\Backend\\src\\modules\\auth\\auth.service.js:70:11)\n    at process.processTicksAndRejections (node:internal/process/task_queues:105:5)\n    at async refreshToken (D:\\AI Mail Reply\\AI_Mail\\Backend\\src\\modules\\auth\\auth.controller.js:46:66)","timestamp":"2026-07-03 17:09:58"}
{"level":"info","message":"Starting Auto Sync Job...","timestamp":"2026-07-03 17:10:00"}
{"level":"error","message":"Auto Sync Job Error: Cannot call `users.find()` before initial connection is complete if `bufferCommands = false`. Make sure you `await mongoose.connect()` if you have `bufferCommands = false`.","stack":"MongooseError: Cannot call `users.find()` before initial connection is complete if `bufferCommands = false`. Make sure you `await mongoose.connect()` if you have `bufferCommands = false`.\n    at NativeCollection.<computed> [as find] (D:\\AI Mail Reply\\AI_Mail\\Backend\\node_modules\\mongoose\\lib\\drivers\\node-mongodb-native\\collection.js:237:15)\n    at model.Query._find (D:\\AI Mail Reply\\AI_Mail\\Backend\\node_modules\\mongoose\\lib\\query.js:2425:48)\n    at model.Query.exec (D:\\AI Mail Reply\\AI_Mail\\Backend\\node_modules\\mongoose\\lib\\query.js:4627:80)\n    at process.processTicksAndRejections (node:internal/process/task_queues:105:5)\n    at async D:\\AI Mail Reply\\AI_Mail\\Backend\\src\\shared\\jobs\\sync.job.js:12:21\n    at async execute (D:\\AI Mail Reply\\AI_Mail\\Backend\\node_modules\\node-cron\\dist\\_shared.cjs:261:44)","timestamp":"2026-07-03 17:10:00"}
{"level":"error","message":"Refresh Token Error: Unauthorized","stack":"Error: Unauthorized\n    at Object.refreshSession (D:\\AI Mail Reply\\AI_Mail\\Backend\\src\\modules\\auth\\auth.service.js:70:11)\n    at process.processTicksAndRejections (node:internal/process/task_queues:105:5)\n    at async refreshToken (D:\\AI Mail Reply\\AI_Mail\\Backend\\src\\modules\\auth\\auth.controller.js:46:66)","timestamp":"2026-07-03 17:10:58"}
{"level":"error","message":"Refresh Token Error: Unauthorized","stack":"Error: Unauthorized\n    at Object.refreshSession (D:\\AI Mail Reply\\AI_Mail\\Backend\\src\\modules\\auth\\auth.service.js:70:11)\n    at process.processTicksAndRejections (node:internal/process/task_queues:105:5)\n    at async refreshToken (D:\\AI Mail Reply\\AI_Mail\\Backend\\src\\modules\\auth\\auth.controller.js:46:66)","timestamp":"2026-07-03 17:10:58"}
{"level":"error","message":"Refresh Token Error: Unauthorized","stack":"Error: Unauthorized\n    at Object.refreshSession (D:\\AI Mail Reply\\AI_Mail\\Backend\\src\\modules\\auth\\auth.service.js:70:11)\n    at process.processTicksAndRejections (node:internal/process/task_queues:105:5)\n    at async refreshToken (D:\\AI Mail Reply\\AI_Mail\\Backend\\src\\modules\\auth\\auth.controller.js:46:66)","timestamp":"2026-07-03 17:11:14"}
{"level":"error","message":"Refresh Token Error: Unauthorized","stack":"Error: Unauthorized\n    at Object.refreshSession (D:\\AI Mail Reply\\AI_Mail\\Backend\\src\\modules\\auth\\auth.service.js:70:11)\n    at process.processTicksAndRejections (node:internal/process/task_queues:105:5)\n    at async refreshToken (D:\\AI Mail Reply\\AI_Mail\\Backend\\src\\modules\\auth\\auth.controller.js:46:66)","timestamp":"2026-07-03 17:11:14"}
{"level":"error","message":"Refresh Token Error: Unauthorized","stack":"Error: Unauthorized\n    at Object.refreshSession (D:\\AI Mail Reply\\AI_Mail\\Backend\\src\\modules\\auth\\auth.service.js:70:11)\n    at process.processTicksAndRejections (node:internal/process/task_queues:105:5)\n    at async refreshToken (D:\\AI Mail Reply\\AI_Mail\\Backend\\src\\modules\\auth\\auth.controller.js:46:66)","timestamp":"2026-07-03 17:11:16"}
{"level":"error","message":"Refresh Token Error: Unauthorized","stack":"Error: Unauthorized\n    at Object.refreshSession (D:\\AI Mail Reply\\AI_Mail\\Backend\\src\\modules\\auth\\auth.service.js:70:11)\n    at process.processTicksAndRejections (node:internal/process/task_queues:105:5)\n    at async refreshToken (D:\\AI Mail Reply\\AI_Mail\\Backend\\src\\modules\\auth\\auth.controller.js:46:66)","timestamp":"2026-07-03 17:11:16"}
{"level":"error","message":"Refresh Token Error: Unauthorized","stack":"Error: Unauthorized\n    at Object.refreshSession (D:\\AI Mail Reply\\AI_Mail\\Backend\\src\\modules\\auth\\auth.service.js:70:11)\n    at process.processTicksAndRejections (node:internal/process/task_queues:105:5)\n    at async refreshToken (D:\\AI Mail Reply\\AI_Mail\\Backend\\src\\modules\\auth\\auth.controller.js:46:66)","timestamp":"2026-07-03 17:11:18"}
{"level":"error","message":"Refresh Token Error: Unauthorized","stack":"Error: Unauthorized\n    at Object.refreshSession (D:\\AI Mail Reply\\AI_Mail\\Backend\\src\\modules\\auth\\auth.service.js:70:11)\n    at process.processTicksAndRejections (node:internal/process/task_queues:105:5)\n    at async refreshToken (D:\\AI Mail Reply\\AI_Mail\\Backend\\src\\modules\\auth\\auth.controller.js:46:66)","timestamp":"2026-07-03 17:11:18"}
{"level":"error","message":"Refresh Token Error: Unauthorized","stack":"Error: Unauthorized\n    at Object.refreshSession (D:\\AI Mail Reply\\AI_Mail\\Backend\\src\\modules\\auth\\auth.service.js:70:11)\n    at process.processTicksAndRejections (node:internal/process/task_queues:105:5)\n    at async refreshToken (D:\\AI Mail Reply\\AI_Mail\\Backend\\src\\modules\\auth\\auth.controller.js:46:66)","timestamp":"2026-07-03 17:12:52"}
{"level":"error","message":"Refresh Token Error: Unauthorized","stack":"Error: Unauthorized\n    at Object.refreshSession (D:\\AI Mail Reply\\AI_Mail\\Backend\\src\\modules\\auth\\auth.service.js:70:11)\n    at process.processTicksAndRejections (node:internal/process/task_queues:105:5)\n    at async refreshToken (D:\\AI Mail Reply\\AI_Mail\\Backend\\src\\modules\\auth\\auth.controller.js:46:66)","timestamp":"2026-07-03 17:12:52"}
{"level":"error","message":"Refresh Token Error: Unauthorized","stack":"Error: Unauthorized\n    at Object.refreshSession (D:\\AI Mail Reply\\AI_Mail\\Backend\\src\\modules\\auth\\auth.service.js:70:11)\n    at process.processTicksAndRejections (node:internal/process/task_queues:105:5)\n    at async refreshToken (D:\\AI Mail Reply\\AI_Mail\\Backend\\src\\modules\\auth\\auth.controller.js:46:66)","timestamp":"2026-07-03 17:12:53"}
{"level":"error","message":"Refresh Token Error: Unauthorized","stack":"Error: Unauthorized\n    at Object.refreshSession (D:\\AI Mail Reply\\AI_Mail\\Backend\\src\\modules\\auth\\auth.service.js:70:11)\n    at process.processTicksAndRejections (node:internal/process/task_queues:105:5)\n    at async refreshToken (D:\\AI Mail Reply\\AI_Mail\\Backend\\src\\modules\\auth\\auth.controller.js:46:66)","timestamp":"2026-07-03 17:12:53"}
{"level":"info","message":"Starting Auto Sync Job...","timestamp":"2026-07-03 17:15:00"}
{"level":"error","message":"Auto Sync Job Error: Cannot call `users.find()` before initial connection is complete if `bufferCommands = false`. Make sure you `await mongoose.connect()` if you have `bufferCommands = false`.","stack":"MongooseError: Cannot call `users.find()` before initial connection is complete if `bufferCommands = false`. Make sure you `await mongoose.connect()` if you have `bufferCommands = false`.\n    at NativeCollection.<computed> [as find] (D:\\AI Mail Reply\\AI_Mail\\Backend\\node_modules\\mongoose\\lib\\drivers\\node-mongodb-native\\collection.js:237:15)\n    at model.Query._find (D:\\AI Mail Reply\\AI_Mail\\Backend\\node_modules\\mongoose\\lib\\query.js:2425:48)\n    at model.Query.exec (D:\\AI Mail Reply\\AI_Mail\\Backend\\node_modules\\mongoose\\lib\\query.js:4627:80)\n    at process.processTicksAndRejections (node:internal/process/task_queues:105:5)\n    at async D:\\AI Mail Reply\\AI_Mail\\Backend\\src\\shared\\jobs\\sync.job.js:12:21\n    at async execute (D:\\AI Mail Reply\\AI_Mail\\Backend\\node_modules\\node-cron\\dist\\_shared.cjs:261:44)","timestamp":"2026-07-03 17:15:00"}
{"level":"error","message":"Refresh Token Error: Unauthorized","stack":"Error: Unauthorized\n    at Object.refreshSession (D:\\AI Mail Reply\\AI_Mail\\Backend\\src\\modules\\auth\\auth.service.js:70:11)\n    at process.processTicksAndRejections (node:internal/process/task_queues:105:5)\n    at async refreshToken (D:\\AI Mail Reply\\AI_Mail\\Backend\\src\\modules\\auth\\auth.controller.js:50:66)","timestamp":"2026-07-03 17:16:00"}
{"level":"error","message":"Refresh Token Error: Unauthorized","stack":"Error: Unauthorized\n    at Object.refreshSession (D:\\AI Mail Reply\\AI_Mail\\Backend\\src\\modules\\auth\\auth.service.js:70:11)\n    at process.processTicksAndRejections (node:internal/process/task_queues:105:5)\n    at async refreshToken (D:\\AI Mail Reply\\AI_Mail\\Backend\\src\\modules\\auth\\auth.controller.js:50:66)","timestamp":"2026-07-03 17:16:00"}
{"level":"info","message":"Starting Auto Sync Job...","timestamp":"2026-07-03 17:20:00"}
{"level":"warn","message":"Auto Sync aborted: Database is offline.","timestamp":"2026-07-03 17:20:00"}
